8x8/d7: 2 moves, size(s): 16 = 8 + 8
  constraints: 39 formulas
  ~> 1 nodes, 1 satPaths, 0M calls
8x8/d6: 4 moves, size(s): 44 = 11 + 11 + 11 + 11
  constraints: 43 formulas
  ~> 1 nodes, 1 satPaths, 0M calls
8x8/d5: 6 moves, size(s): 84 = 14 + 14 + 14 + 14 + 14 + 14
  constraints: 49 formulas
  ~> 1 nodes, 1 satPaths, 0M calls
8x8/d4: 8 moves, size(s): 128 = 16 + 16 + 16 + 16 + 16 + 16 + 16 + 16
  constraints: 57 formulas
  ~> 1 nodes, 1 satPaths, 0M calls
8x8/d3: 10 moves, size(s): 190 = 19 + 19 + 19 + 19 + 19 + 19 + 19 + 19 + 19 + 19
  constraints: 67 formulas
  ~> 1 nodes, 1 satPaths, 0M calls
8x8/d2: 12 moves, size(s): 240 = 20 + 20 + 20 + 20 + 20 + 20 + 20 + 20 + 20 + 20 + 20 + 20
  constraints: 79 formulas
  ~> 1 nodes, 1 satPaths, 0M calls
8x8/d1: 14 moves, size(s): 308 = 22 + 22 + 22 + 22 + 22 + 22 + 22 + 22 + 22 + 22 + 22 + 22 + 22 + 22
  constraints: 93 formulas
  ~> 1 nodes, 1 satPaths, 0M calls
  ~> 883 nodes, 92 satPaths, 0.2M calls
{ instCount: 3860,
  labelCount: 24,
  calls: 
   { ttl: 195567,
     hlp: { ttl: 12872, get: 11093, size: 1779 },
     ops: 
      { ttl: 182695,
        ite: 416,
        ite_short: 152,
        not: 159135,
        and: 21360,
        or: 220,
        eqv: 144,
        xor: 1420 } },
  diff: [Function] }
-----------------
>>>>   0:    2 <- [ 0/+1],        0 ,        1 
>>>>   1:    3 <- [ 1/+1],        1 ,        2 
>>>>   2:    4 <- [ 2/+1],        1 ,        3 
>>>>   3:    5 <- [ 3/+1],        4 ,        1 
>>>>   4:    6 <- [ 4/+1],        5 ,        1 
>>>>   5:    7 <- [ 5/+1],        1 ,        6 
>>>>   6:    8 <- [ 6/+1],        1 ,        7 
>>>>   7:    9 <- [ 7/+1],        1 ,        8 
>>>>   8:   10 <- [ 8/+1],        9 ,        1 
>>>>   9:   11 <- [ 9/+1],       10 ,        1 
>>>>  10:   12 <- [10/+1],        1 ,       11 
>>>>  11:   13 <- [11/+1],       12 ,        1 
>>>>  12:   14 <- [12/+1],        1 ,       13 
>>>>  13:   15 <- [13/+1],       14 ,        1 
>>>>  14:   16 <- [14/+1],        1 ,       15 
>>>>  15:   17 <- [15/+1],        1 ,       16 
>>>>  16:   18 <- [16/+1],        1 ,       17 
>>>>  17:   19 <- [17/+1],        1 ,       18 
>>>>  18:   20 <- [18/+1],        1 ,       19 
>>>>  19:   21 <- [ 3/+1],        1 , swap(  4)
>>>>  20:   22 <- [ 4/+1],       21 ,        1 
>>>>  21:   23 <- [ 5/+1],        1 ,       22 
>>>>  22:   24 <- [ 6/+1],       23 ,        1 
>>>>  23:   25 <- [ 7/+1],        1 ,       24 
>>>>  24:   26 <- [ 8/+1],        1 ,       25 
>>>>  25:   27 <- [ 9/+1],       26 ,        1 
>>>>  26:   28 <- [10/+1],       27 ,        1 
>>>>  27:   29 <- [11/+1],        1 ,       28 
>>>>  28:   30 <- [12/+1],        1 ,       29 
>>>>  29:   31 <- [13/+1],        1 ,       30 
>>>>  30:   32 <- [14/+1],        1 ,       31 
>>>>  31:   33 <- [15/+1],        1 ,       32 
>>>>  32:   34 <- [16/+1],       33 ,        1 
>>>>  33:   35 <- [ 6/+1], swap( 23),        1 
>>>>  34:   36 <- [ 7/+1],       35 ,        1 
>>>>  35:   37 <- [ 8/+1],        1 ,       36 
>>>>  36:   38 <- [ 9/+1],        1 ,       37 
>>>>  37:   39 <- [10/+1],        1 ,       38 
>>>>  38:   40 <- [11/+1],        1 ,       39 
>>>>  39:   41 <- [12/+1],        1 ,       40 
>>>>  40:   42 <- [13/+1],       41 ,        1 
>>>>  41:   43 <- [14/+1],        1 ,       42 
>>>>  42:   44 <- [15/+1],       43 ,        1 
>>>>  43:   45 <- [16/+1],        1 ,       44 
>>>>  44:   46 <- [17/+1],       34 ,       45 
>>>>  45:   47 <- [18/+1],        1 ,       46 
>>>>  46:   48 <- [19/+1],       20 ,       47 
>>>>  47:   49 <- [ 4/+1], flop(  5),        1 
>>>>  48:   50 <- [ 5/+1],        1 ,       49 
>>>>  49:   51 <- [ 6/+1],       50 ,        1 
>>>>  50:   52 <- [ 7/+1],        1 ,       51 
>>>>  51:   53 <- [ 8/+1],        1 ,       52 
>>>>  52:   54 <- [ 9/+1],        1 ,       53 
>>>>  53:   55 <- [10/+1],        1 ,       54 
>>>>  54:   56 <- [11/+1],       55 ,        1 
>>>>  55:   57 <- [12/+1],       56 ,        1 
>>>>  56:   58 <- [13/+1],        1 ,       57 
>>>>  57:   59 <- [14/+1],       58 ,        1 
>>>>  58:   60 <- [15/+1],        1 ,       59 
>>>>  59:   61 <- [16/+1],        1 ,       60 
>>>>  60:   62 <- [17/+1],        1 ,       61 
>>>>  61:   63 <- [18/+1],        1 ,       62 
>>>>  62:   64 <- [19/+1],       63 ,        1 
>>>>  63:   65 <- [20/+1],       48 ,       64 
>>>>  64:   66 <- [ 5/+1], swap( 22),        1 
>>>>  65:   67 <- [ 6/+1],       66 ,        1 
>>>>  66:   68 <- [ 7/+1],       67 ,        1 
>>>>  67:   69 <- [ 8/+1],        1 ,       68 
>>>>  68:   70 <- [ 9/+1],        1 ,       69 
>>>>  69:   71 <- [10/+1],        1 ,       70 
>>>>  70:   72 <- [11/+1],        1 ,       71 
>>>>  71:   73 <- [12/+1],        1 ,       72 
>>>>  72:   74 <- [13/+1],       73 ,        1 
>>>>  73:   75 <- [14/+1],        1 ,       74 
>>>>  74:   76 <- [ 8/+1], flop( 25),        1 
>>>>  75:   77 <- [ 9/+1],       76 ,        1 
>>>>  76:   78 <- [10/+1],       77 ,        1 
>>>>  77:   79 <- [11/+1],        1 ,       78 
>>>>  78:   80 <- [12/+1],       79 ,        1 
>>>>  79:   81 <- [13/+1],       14 ,       80 
>>>>  80:   82 <- [14/+1],        1 ,       81 
>>>>  81:   83 <- [15/+1],       75 ,       82 
>>>>  82:   84 <- [16/+1],        1 ,       83 
>>>>  83:   85 <- [17/+1],        1 ,       84 
>>>>  84:   86 <- [18/+1],       85 ,        1 
>>>>  85:   87 <- [ 5/+1],        1 , flop( 49)
>>>>  86:   88 <- [ 6/+1],        1 ,       87 
>>>>  87:   89 <- [ 7/+1],        1 ,       88 
>>>>  88:   90 <- [ 8/+1],        1 ,       89 
>>>>  89:   91 <- [ 9/+1],       90 ,        1 
>>>>  90:   92 <- [10/+1],       91 ,        1 
>>>>  91:   93 <- [11/+1],        1 ,       92 
>>>>  92:   94 <- [12/+1],        1 ,       93 
>>>>  93:   95 <- [13/+1],        1 ,       94 
>>>>  94:   96 <- [ 2/+1], flop(  3),        1 
>>>>  95:   97 <- [ 3/+1],       96 ,        1 
>>>>  96:   98 <- [ 4/+1],        1 ,       97 
>>>>  97:   99 <- [ 5/+1],        1 ,       98 
>>>>  98:  100 <- [ 6/+1],       99 ,        1 
>>>>  99:  101 <- [ 7/+1],      100 ,        1 
>>>> 100:  102 <- [ 8/+1],        1 ,      101 
>>>> 101:  103 <- [ 9/+1],        1 ,      102 
>>>> 102:  104 <- [10/+1],        1 ,      103 
>>>> 103:  105 <- [11/+1],        1 ,      104 
>>>> 104:  106 <- [12/+1],        1 ,      105 
>>>> 105:  107 <- [13/+1],      106 ,        1 
>>>> 106:  108 <- [14/+1],       95 ,      107 
>>>> 107:  109 <- [15/+1],      108 ,        1 
>>>> 108:  110 <- [16/+1],      109 ,        1 
>>>> 109:  111 <- [ 6/+1], flop( 99),        1 
>>>> 110:  112 <- [ 7/+1],      111 ,        1 
>>>> 111:  113 <- [ 8/+1],      112 ,        1 
>>>> 112:  114 <- [ 9/+1],        1 ,      113 
>>>> 113:  115 <- [10/+1],        1 ,      114 
>>>> 114:  116 <- [11/+1],      115 ,        1 
>>>> 115:  117 <- [12/+1],      116 ,        1 
>>>> 116:  118 <- [13/+1],        1 ,      117 
>>>> 117:  119 <- [14/+1],        1 ,      118 
>>>> 118:  120 <- [15/+1],        1 ,      119 
>>>> 119:  121 <- [16/+1],        1 ,      120 
>>>> 120:  122 <- [17/+1],      110 ,      121 
>>>> 121:  123 <- [ 4/+1],        1 , flop( 97)
>>>> 122:  124 <- [ 5/+1],        1 ,      123 
>>>> 123:  125 <- [ 6/+1],        1 ,      124 
>>>> 124:  126 <- [ 7/+1],      125 ,        1 
>>>> 125:  127 <- [ 8/+1],        1 ,      126 
>>>> 126:  128 <- [ 9/+1],        1 ,      127 
>>>> 127:  129 <- [10/+1],        1 ,      128 
>>>> 128:  130 <- [11/+1],        1 ,      129 
>>>> 129:  131 <- [12/+1],      130 ,        1 
>>>> 130:  132 <- [13/+1],        1 ,      131 
>>>> 131:  133 <- [ 7/+1],        1 , swap( 24)
>>>> 132:  134 <- [ 8/+1],        1 ,      133 
>>>> 133:  135 <- [ 9/+1],      134 ,        1 
>>>> 134:  136 <- [10/+1],      135 ,        1 
>>>> 135:  137 <- [11/+1],        1 ,      136 
>>>> 136:  138 <- [12/+1],      137 ,        1 
>>>> 137:  139 <- [13/+1],        1 ,      138 
>>>> 138:  140 <- [14/+1],      132 ,      139 
>>>> 139:  141 <- [15/+1],      140 ,        1 
>>>> 140:  142 <- [16/+1],      141 ,        1 
>>>> 141:  143 <- [ 3/+1], swap( 96),        4 
>>>> 142:  144 <- [ 4/+1],        1 ,      143 
>>>> 143:  145 <- [ 5/+1],        1 ,      144 
>>>> 144:  146 <- [ 6/+1],      145 ,        1 
>>>> 145:  147 <- [ 7/+1],      146 ,        1 
>>>> 146:  148 <- [ 8/+1],      147 ,        1 
>>>> 147:  149 <- [ 9/+1],      148 ,        1 
>>>> 148:  150 <- [10/+1],        1 ,      149 
>>>> 149:  151 <- [11/+1],      150 ,        1 
>>>> 150:  152 <- [12/+1],        1 ,      151 
>>>> 151:  153 <- [12/+1], flop(137),        1 
>>>> 152:  154 <- [13/+1],      152 ,      153 
>>>> 153:  155 <- [14/+1],        1 ,      154 
>>>> 154:  156 <- [15/+1],      155 ,        1 
>>>> 155:  157 <- [ 7/+1],        1 , swap(111)
>>>> 156:  158 <- [ 8/+1],        1 ,      157 
>>>> 157:  159 <- [ 9/+1],      158 ,        1 
>>>> 158:  160 <- [10/+1],        1 ,      159 
>>>> 159:  161 <- [11/+1],      160 ,        1 
>>>> 160:  162 <- [12/+1],      161 ,        1 
>>>> 161:  163 <- [13/+1],      162 ,        1 
>>>> 162:  164 <- [14/+1],      163 ,        1 
>>>> 163:  165 <- [15/+1],      164 ,        1 
>>>> 164:  166 <- [16/+1],      156 ,      165 
>>>> 165:  167 <- [17/+1],      142 ,      166 
>>>> 166:  168 <- [18/+1],      122 ,      167 
>>>> 167:  169 <- [19/+1],       86 ,      168 
>>>> 168:  170 <- [ 6/+1], swap( 66),        1 
>>>> 169:  171 <- [ 7/+1],        1 ,      170 
>>>> 170:  172 <- [ 8/+1],        1 ,      171 
>>>> 171:  173 <- [ 9/+1],        1 ,      172 
>>>> 172:  174 <- [10/+1],        1 ,      173 
>>>> 173:  175 <- [11/+1],      174 ,        1 
>>>> 174:  176 <- [12/+1],      175 ,        1 
>>>> 175:  177 <- [13/+1],      176 ,        1 
>>>> 176:  178 <- [14/+1],      177 ,        1 
>>>> 177:  179 <- [15/+1],        1 ,      178 
>>>> 178:  180 <- [ 3/+1],        1 , flop( 96)
>>>> 179:  181 <- [ 4/+1],      180 ,        1 
>>>> 180:  182 <- [ 5/+1],        1 ,      181 
>>>> 181:  183 <- [ 6/+1],        1 ,      182 
>>>> 182:  184 <- [ 7/+1],        1 ,      183 
>>>> 183:  185 <- [ 8/+1],        1 ,      184 
>>>> 184:  186 <- [ 9/+1],      185 ,        1 
>>>> 185:  187 <- [10/+1],        1 ,      186 
>>>> 186:  188 <- [11/+1],      187 ,        1 
>>>> 187:  189 <- [12/+1],        1 ,      188 
>>>> 188:  190 <- [13/+1],        1 ,      189 
>>>> 189:  191 <- [ 5/+1], swap( 98),        1 
>>>> 190:  192 <- [ 6/+1],      191 ,        1 
>>>> 191:  193 <- [ 7/+1],        1 ,      192 
>>>> 192:  194 <- [ 8/+1],      193 ,        1 
>>>> 193:  195 <- [ 9/+1],        1 ,      194 
>>>> 194:  196 <- [10/+1],        1 ,      195 
>>>> 195:  197 <- [11/+1],        1 ,      196 
>>>> 196:  198 <- [12/+1],        1 ,      197 
>>>> 197:  199 <- [13/+1],      198 ,        1 
>>>> 198:  200 <- [14/+1],      190 ,      199 
>>>> 199:  201 <- [11/+1],        1 , swap( 78)
>>>> 200:  202 <- [12/+1],      201 ,        1 
>>>> 201:  203 <- [13/+1],      202 ,        1 
>>>> 202:  204 <- [14/+1],      203 ,        1 
>>>> 203:  205 <- [15/+1],      200 ,      204 
>>>> 204:  206 <- [16/+1],      179 ,      205 
>>>> 205:  207 <- [17/+1],        1 ,      206 
>>>> 206:  208 <- [18/+1],      207 ,        1 
>>>> 207:  209 <- [ 6/+1],        1 , swap(191)
>>>> 208:  210 <- [ 7/+1],      209 ,        1 
>>>> 209:  211 <- [ 8/+1],        1 ,      210 
>>>> 210:  212 <- [ 9/+1],      211 , flip( 76)
>>>> 211:  213 <- [10/+1],        1 ,      212 
>>>> 212:  214 <- [11/+1],      213 ,        1 
>>>> 213:  215 <- [12/+1],      214 ,        1 
>>>> 214:  216 <- [13/+1],      215 ,        1 
>>>> 215:  217 <- [14/+1],      216 ,        1 
>>>> 216:  218 <- [15/+1],      217 ,        1 
>>>> 217:  219 <- [16/+1],        1 ,      218 
>>>> 218:  220 <- [17/+1],        1 ,      219 
>>>> 219:  221 <- [18/+1],        1 ,      220 
>>>> 220:  222 <- [19/+1],      208 ,      221 
>>>> 221:  223 <- [20/+1],      169 ,      222 
>>>> 222:  224 <- [21/+1],       65 ,      223 
>>>> 223:  225 <- [ 7/+1], flop( 35),        1 
>>>> 224:  226 <- [ 8/+1],        1 ,      225 
>>>> 225:  227 <- [ 9/+1],        1 ,      226 
>>>> 226:  228 <- [10/+1],        1 ,      227 
>>>> 227:  229 <- [11/+1],        1 ,      228 
>>>> 228:  230 <- [12/+1],        1 ,      229 
>>>> 229:  231 <- [13/+1],      230 ,        1 
>>>> 230:  232 <- [14/+1],      231 ,        1 
>>>> 231:  233 <- [15/+1],        1 ,      232 
>>>> 232:  234 <- [16/+1],        1 ,      233 
>>>> 233:  235 <- [17/+1],      234 ,        1 
>>>> 234:  236 <- [ 4/+1],        1 , flop( 21)
>>>> 235:  237 <- [ 5/+1],        1 ,      236 
>>>> 236:  238 <- [ 6/+1],      237 ,        1 
>>>> 237:  239 <- [ 7/+1],      238 ,        1 
>>>> 238:  240 <- [ 8/+1],        1 ,      239 
>>>> 239:  241 <- [ 9/+1],      240 ,        1 
>>>> 240:  242 <- [10/+1],        1 ,      241 
>>>> 241:  243 <- [11/+1],        1 ,      242 
>>>> 242:  244 <- [12/+1],      243 ,        1 
>>>> 243:  245 <- [13/+1],      244 ,        1 
>>>> 244:  246 <- [14/+1],      245 ,        1 
>>>> 245:  247 <- [15/+1],        1 ,      246 
>>>> 246:  248 <- [16/+1],        1 ,      247 
>>>> 247:  249 <- [ 5/+1], swap(181),        1 
>>>> 248:  250 <- [ 6/+1],      249 ,        1 
>>>> 249:  251 <- [ 7/+1],        1 ,      250 
>>>> 250:  252 <- [ 8/+1],        1 ,      251 
>>>> 251:  253 <- [ 9/+1],        1 ,      252 
>>>> 252:  254 <- [10/+1],      253 ,        1 
>>>> 253:  255 <- [11/+1], flip( 39),      254 
>>>> 254:  256 <- [12/+1],        1 ,      255 
>>>> 255:  257 <- [13/+1],        1 ,      256 
>>>> 256:  258 <- [14/+1],        1 ,      257 
>>>> 257:  259 <- [15/+1],      258 ,        1 
>>>> 258:  260 <- [15/+1],        1 , flop( 75)
>>>> 259:  261 <- [16/+1],      259 ,      260 
>>>> 260:  262 <- [17/+1],      248 ,      261 
>>>> 261:  263 <- [18/+1],      235 ,      262 
>>>> 262:  264 <- [ 9/+1],        1 , swap(226)
>>>> 263:  265 <- [10/+1],      264 ,        1 
>>>> 264:  266 <- [ 6/+1], swap( 50),        1 
>>>> 265:  267 <- [ 7/+1],        1 ,      266 
>>>> 266:  268 <- [ 8/+1],        1 ,      267 
>>>> 267:  269 <- [ 9/+1],        1 ,      268 
>>>> 268:  270 <- [10/+1],      269 ,        1 
>>>> 269:  271 <- [11/+1],      265 ,      270 
>>>> 270:  272 <- [12/+1],        1 ,      271 
>>>> 271:  273 <- [13/+1],        1 ,      272 
>>>> 272:  274 <- [14/+1],        1 ,      273 
>>>> 273:  275 <- [15/+1],      274 ,        1 
>>>> 274:  276 <- [16/+1],      275 ,        1 
>>>> 275:  277 <- [17/+1],        1 ,      276 
>>>> 276:  278 <- [18/+1],        1 ,      277 
>>>> 277:  279 <- [19/+1],      263 ,      278 
>>>> 278:  280 <- [ 7/+1], flop( 51),        1 
>>>> 279:  281 <- [ 8/+1],      280 ,        1 
>>>> 280:  282 <- [ 9/+1],        1 ,      281 
>>>> 281:  283 <- [10/+1],        1 ,      282 
>>>> 282:  284 <- [11/+1],        1 ,      283 
>>>> 283:  285 <- [12/+1],        1 ,      284 
>>>> 284:  286 <- [ 6/+1], flop(  7),        1 
>>>> 285:  287 <- [ 7/+1],        1 ,      286 
>>>> 286:  288 <- [ 8/+1],        1 ,      287 
>>>> 287:  289 <- [ 7/+1], flop(266),        1 
>>>> 288:  290 <- [ 8/+1],      289 ,        1 
>>>> 289:  291 <- [ 9/+1],      288 ,      290 
>>>> 290:  292 <- [10/+1],      291 ,        1 
>>>> 291:  293 <- [11/+1],      292 ,        1 
>>>> 292:  294 <- [12/+1],        1 ,      293 
>>>> 293:  295 <- [13/+1],      285 ,      294 
>>>> 294:  296 <- [14/+1],      295 ,        1 
>>>> 295:  297 <- [15/+1],      296 ,        1 
>>>> 296:  298 <- [ 7/+1], flop(209),        1 
>>>> 297:  299 <- [ 8/+1],      298 ,        1 
>>>> 298:  300 <- [ 9/+1],        1 ,      299 
>>>> 299:  301 <- [10/+1],        1 ,      300 
>>>> 300:  302 <- [11/+1],        1 ,      301 
>>>> 301:  303 <- [12/+1],      302 ,        1 
>>>> 302:  304 <- [13/+1],      303 ,        1 
>>>> 303:  305 <- [ 7/+1], swap(250),        1 
>>>> 304:  306 <- [ 8/+1],      305 ,        1 
>>>> 305:  307 <- [ 9/+1],        1 ,      306 
>>>> 306:  308 <- [10/+1],        1 ,      307 
>>>> 307:  309 <- [11/+1],        1 ,      308 
>>>> 308:  310 <- [12/+1],      309 ,        1 
>>>> 309:  311 <- [13/+1],      310 ,        1 
>>>> 310:  312 <- [14/+1],      304 ,      311 
>>>> 311:  313 <- [10/+1], swap( 11),        1 
>>>> 312:  314 <- [11/+1],      313 , flop(104)
>>>> 313:  315 <- [12/+1],      314 ,        1 
>>>> 314:  316 <- [13/+1],      315 ,        1 
>>>> 315:  317 <- [ 9/+1], flop( 10),        1 
>>>> 316:  318 <- [10/+1],        1 ,      317 
>>>> 317:  319 <- [11/+1],        1 ,      318 
>>>> 318:  320 <- [12/+1],      319 ,        1 
>>>> 319:  321 <- [13/+1],      320 ,        1 
>>>> 320:  322 <- [14/+1],      316 ,      321 
>>>> 321:  323 <- [15/+1],      312 ,      322 
>>>> 322:  324 <- [16/+1],      297 ,      323 
>>>> 323:  325 <- [17/+1],        1 ,      324 
>>>> 324:  326 <- [18/+1],        1 ,      325 
>>>> 325:  327 <- [ 8/+1],        1 , flop(280)
>>>> 326:  328 <- [ 9/+1],      327 ,        1 
>>>> 327:  329 <- [10/+1],      328 ,        1 
>>>> 328:  330 <- [11/+1],      329 ,        1 
>>>> 329:  331 <- [12/+1],        1 ,      330 
>>>> 330:  332 <- [13/+1],        1 ,      331 
>>>> 331:  333 <- [14/+1],      332 ,        1 
>>>> 332:  334 <- [15/+1],      333 ,        1 
>>>> 333:  335 <- [16/+1],        1 ,      334 
>>>> 334:  336 <- [17/+1],        1 ,      335 
>>>> 335:  337 <- [18/+1],        1 ,      336 
>>>> 336:  338 <- [19/+1],      326 ,      337 
>>>> 337:  339 <- [20/+1],      279 ,      338 
>>>> 338:  340 <- [11/+1],        1 , swap( 55)
>>>> 339:  341 <- [12/+1],        1 ,      340 
>>>> 340:  342 <- [13/+1],        1 ,      341 
>>>> 341:  343 <- [14/+1],        1 ,      342 
>>>> 342:  344 <- [15/+1],      343 ,        1 
>>>> 343:  345 <- [16/+1],        1 ,      344 
>>>> 344:  346 <- [17/+1],      345 ,        1 
>>>> 345:  347 <- [12/+1], flop(319),        1 
>>>> 346:  348 <- [13/+1],      347 ,        1 
>>>> 347:  349 <- [14/+1],      348 ,        1 
>>>> 348:  350 <- [15/+1],      349 ,        1 
>>>> 349:  351 <- [16/+1],        1 ,      350 
>>>> 350:  352 <- [17/+1],      351 ,        1 
>>>> 351:  353 <- [18/+1],      346 ,      352 
>>>> 352:  354 <- [ 8/+1], swap(  9),        1 
>>>> 353:  355 <- [ 9/+1],        1 ,      354 
>>>> 354:  356 <- [10/+1],        1 ,      355 
>>>> 355:  357 <- [11/+1],        1 ,      356 
>>>> 356:  358 <- [12/+1],        1 ,      357 
>>>> 357:  359 <- [13/+1],      358 ,        1 
>>>> 358:  360 <- [14/+1],        1 ,      359 
>>>> 359:  361 <- [15/+1],      360 ,        1 
>>>> 360:  362 <- [16/+1],      361 ,        1 
>>>> 361:  363 <- [ 7/+1], swap( 88),        1 
>>>> 362:  364 <- [ 8/+1],      363 ,        1 
>>>> 363:  365 <- [ 9/+1],        1 ,      364 
>>>> 364:  366 <- [10/+1],      365 ,        1 
>>>> 365:  367 <- [11/+1],      366 ,        1 
>>>> 366:  368 <- [12/+1],      367 ,        1 
>>>> 367:  369 <- [13/+1],      368 ,        1 
>>>> 368:  370 <- [14/+1],        1 ,      369 
>>>> 369:  371 <- [15/+1],        1 ,      370 
>>>> 370:  372 <- [16/+1],        1 ,      371 
>>>> 371:  373 <- [17/+1],      362 ,      372 
>>>> 372:  374 <- [18/+1],      373 ,        1 
>>>> 373:  375 <- [19/+1],      353 ,      374 
>>>> 374:  376 <- [ 9/+1],      288 ,        1 
>>>> 375:  377 <- [10/+1],      376 ,        1 
>>>> 376:  378 <- [11/+1],      377 ,        1 
>>>> 377:  379 <- [12/+1],      378 ,        1 
>>>> 378:  380 <- [13/+1],        1 ,      379 
>>>> 379:  381 <- [14/+1],      380 ,        1 
>>>> 380:  382 <- [15/+1],        1 ,      381 
>>>> 381:  383 <- [12/+1], flop( 29),        1 
>>>> 382:  384 <- [13/+1],      383 ,        1 
>>>> 383:  385 <- [14/+1],      384 ,        1 
>>>> 384:  386 <- [15/+1],      385 ,        1 
>>>> 385:  387 <- [16/+1],      382 ,      386 
>>>> 386:  388 <- [17/+1],        1 ,      387 
>>>> 387:  389 <- [18/+1],      388 ,        1 
>>>> 388:  390 <- [13/+1], swap(153),        1 
>>>> 389:  391 <- [11/+1],        1 , flop( 92)
>>>> 390:  392 <- [12/+1],        1 ,      391 
>>>> 391:  393 <- [13/+1],        1 ,      392 
>>>> 392:  394 <- [14/+1],      390 ,      393 
>>>> 393:  395 <- [15/+1],      394 ,        1 
>>>> 394:  396 <- [16/+1],      395 ,        1 
>>>> 395:  397 <- [17/+1],        1 ,      396 
>>>> 396:  398 <- [18/+1],      397 ,        1 
>>>> 397:  399 <- [19/+1],      389 ,      398 
>>>> 398:  400 <- [20/+1],      375 ,      399 
>>>> 399:  401 <- [21/+1],      339 ,      400 
>>>> 400:  402 <- [22/+1],      224 ,      401 
>>>> 401:  403 <- [23/+1],      402 , flip(402)
serialize(q):
{ maxLen: 404,
  instructionCount: 402,
  swapCount: 40,
  flipCount: 24,
  flopCount: 21,
  BDDsize: 883,
  BDDheight: 24,
  labelCount: 24,
  JSONlength: 5953 }
pass 2...
serialize(q).optimize():
{ maxLen: 29,
  instructionCount: 402,
  swapCount: 40,
  flipCount: 24,
  flopCount: 21,
  BDDsize: 883,
  BDDheight: 24,
  labelCount: 24,
  JSONlength: 5087 }
----------------
  ~> 666 nodes, 92 satPaths, 0.2M calls
{ instCount: 8494,
  labelCount: 48,
  calls: 
   { ttl: 216281,
     hlp: { ttl: 20896, get: 17572, size: 3324 },
     ops: 
      { ttl: 195385,
        ite: 4337,
        ite_short: 155,
        not: 163004,
        and: 26259,
        or: 221,
        eqv: 144,
        xor: 1420 } },
  diff: [Function] }
-----------------
>>>>   0:    2 <- [ 0/+1],        0 ,        1 
>>>>   1:    3 <- [ 1/+1],        2 ,        1 
>>>>   2:    4 <- [ 2/+1],        1 ,        3 
>>>>   3:    5 <- [ 3/+1],        1 ,        4 
>>>>   4:    6 <- [ 4/+1],        5 ,        1 
>>>>   5:    7 <- [ 5/+1],        6 ,        1 
>>>>   6:    8 <- [ 6/+1],        1 ,        7 
>>>>   7:    9 <- [ 7/+1],        1 ,        8 
>>>>   8:   10 <- [ 8/+1],        9 ,        1 
>>>>   9:   11 <- [ 9/+1],       10 ,        1 
>>>>  10:   12 <- [10/+1],        1 ,       11 
>>>>  11:   13 <- [11/+1],       12 ,        1 
>>>>  12:   14 <- [12/+1],        1 ,       13 
>>>>  13:   15 <- [13/+1],        1 ,       14 
>>>>  14:   16 <- [14/+1],       15 ,        1 
>>>>  15:   17 <- [15/+1],        1 ,       16 
>>>>  16:   18 <- [16/+1],        1 ,       17 
>>>>  17:   19 <- [17/+1],       18 , swap( 18)
>>>>  18:   20 <- [18/+1],        1 ,       19 
>>>>  19:   21 <- [19/+1],        1 ,       20 
>>>>  20:   22 <- [ 3/+1], swap(  4),        1 
>>>>  21:   23 <- [ 4/+1],        1 ,       22 
>>>>  22:   24 <- [ 5/+1],        1 ,       23 
>>>>  23:   25 <- [ 6/+1],        1 ,       24 
>>>>  24:   26 <- [ 7/+1],        1 ,       25 
>>>>  25:   27 <- [ 8/+1],       26 ,        1 
>>>>  26:   28 <- [ 9/+1],        1 ,       27 
>>>>  27:   29 <- [10/+1],       28 ,        1 
>>>>  28:   30 <- [11/+1],        1 ,       29 
>>>>  29:   31 <- [12/+1],        1 ,       30 
>>>>  30:   32 <- [13/+1],       31 ,        1 
>>>>  31:   33 <- [14/+1],        1 ,       32 
>>>>  32:   34 <- [ 9/+1], swap( 27),        1 
>>>>  33:   35 <- [10/+1],        1 ,       34 
>>>>  34:   36 <- [11/+1],       35 ,        1 
>>>>  35:   37 <- [12/+1],       36 ,        1 
>>>>  36:   38 <- [13/+1],        1 ,       37 
>>>>  37:   39 <- [14/+1],       38 ,        1 
>>>>  38:   40 <- [15/+1],       33 ,       39 
>>>>  39:   41 <- [16/+1],        1 ,       40 
>>>>  40:   42 <- [17/+1],        1 ,       41 
>>>>  41:   43 <- [ 2/+1], flop(  3),        1 
>>>>  42:   44 <- [ 3/+1],        1 ,       43 
>>>>  43:   45 <- [ 4/+1],        1 ,       44 
>>>>  44:   46 <- [ 5/+1],       45 ,        1 
>>>>  45:   47 <- [ 6/+1],       46 ,        1 
>>>>  46:   48 <- [ 7/+1],        1 ,       47 
>>>>  47:   49 <- [ 8/+1],       48 ,        1 
>>>>  48:   50 <- [ 9/+1],        1 ,       49 
>>>>  49:   51 <- [10/+1],        1 ,       50 
>>>>  50:   52 <- [11/+1],       51 ,        1 
>>>>  51:   53 <- [12/+1],        1 ,       52 
>>>>  52:   54 <- [13/+1],       53 ,        1 
>>>>  53:   55 <- [14/+1],       54 ,        1 
>>>>  54:   56 <- [15/+1],        1 ,       55 
>>>>  55:   57 <- [16/+1],        1 ,       56 
>>>>  56:   58 <- [ 6/+1],        1 , flop( 46)
>>>>  57:   59 <- [ 7/+1],        1 ,       58 
>>>>  58:   60 <- [ 8/+1],        1 ,       59 
>>>>  59:   61 <- [ 9/+1],       60 ,        1 
>>>>  60:   62 <- [10/+1],        1 ,       61 
>>>>  61:   63 <- [11/+1],       62 ,        1 
>>>>  62:   64 <- [12/+1],       63 ,        1 
>>>>  63:   65 <- [13/+1],        1 ,       64 
>>>>  64:   66 <- [14/+1],       65 ,        1 
>>>>  65:   67 <- [15/+1],        1 ,       66 
>>>>  66:   68 <- [16/+1],       67 ,        1 
>>>>  67:   69 <- [17/+1],       57 ,       68 
>>>>  68:   70 <- [18/+1],       42 ,       69 
>>>>  69:   71 <- [ 4/+1],        1 , swap( 22)
>>>>  70:   72 <- [ 5/+1],       71 ,        1 
>>>>  71:   73 <- [ 6/+1],        1 ,       72 
>>>>  72:   74 <- [ 7/+1],        1 ,       73 
>>>>  73:   75 <- [ 8/+1],        1 ,       74 
>>>>  74:   76 <- [ 9/+1],        1 ,       75 
>>>>  75:   77 <- [10/+1],       76 ,        1 
>>>>  76:   78 <- [11/+1],       77 ,        1 
>>>>  77:   79 <- [12/+1],        1 ,       78 
>>>>  78:   80 <- [ 4/+1], swap( 44),        1 
>>>>  79:   81 <- [ 5/+1],        1 ,       80 
>>>>  80:   82 <- [ 6/+1],        1 ,       81 
>>>>  81:   83 <- [ 7/+1], flip( 25),       82 
>>>>  82:   84 <- [ 8/+1],       83 ,        1 
>>>>  83:   85 <- [ 9/+1],        1 ,       84 
>>>>  84:   86 <- [10/+1],       85 ,        1 
>>>>  85:   87 <- [11/+1],        1 ,       86 
>>>>  86:   88 <- [12/+1],       87 ,        1 
>>>>  87:   89 <- [13/+1],       79 ,       88 
>>>>  88:   90 <- [14/+1],       89 ,        1 
>>>>  89:   91 <- [15/+1],        1 ,       90 
>>>>  90:   92 <- [16/+1],        1 ,       91 
>>>>  91:   93 <- [17/+1],       92 , swap( 57)
>>>>  92:   94 <- [18/+1],       93 ,        1 
>>>>  93:   95 <- [19/+1],       70 ,       94 
>>>>  94:   96 <- [20/+1],       21 ,       95 
>>>>  95:   97 <- [21/+1],        1 ,       96 
>>>>  96:   98 <- [10/+1], swap( 11),        1 
>>>>  97:   99 <- [11/+1],       98 ,        1 
>>>>  98:  100 <- [12/+1],        1 ,       99 
>>>>  99:  101 <- [13/+1],      100 ,        1 
>>>> 100:  102 <- [14/+1],        1 ,      101 
>>>> 101:  103 <- [15/+1],        1 ,      102 
>>>> 102:  104 <- [16/+1],        1 ,      103 
>>>> 103:  105 <- [17/+1],        1 ,      104 
>>>> 104:  106 <- [ 4/+1],       44 , swap( 22)
>>>> 105:  107 <- [ 5/+1],        1 ,      106 
>>>> 106:  108 <- [ 6/+1],        1 ,      107 
>>>> 107:  109 <- [ 7/+1],      108 ,        1 
>>>> 108:  110 <- [ 8/+1],      109 ,        1 
>>>> 109:  111 <- [ 9/+1],        1 ,      110 
>>>> 110:  112 <- [10/+1],      111 ,        1 
>>>> 111:  113 <- [11/+1],        1 ,      112 
>>>> 112:  114 <- [12/+1],      113 ,        1 
>>>> 113:  115 <- [13/+1],        1 ,      114 
>>>> 114:  116 <- [14/+1],      115 ,        1 
>>>> 115:  117 <- [15/+1],        1 ,      116 
>>>> 116:  118 <- [16/+1],      117 ,        1 
>>>> 117:  119 <- [17/+1],        1 ,      118 
>>>> 118:  120 <- [18/+1],      105 ,      119 
>>>> 119:  121 <- [19/+1],        1 ,      120 
>>>> 120:  122 <- [ 9/+1],        1 , flop( 49)
>>>> 121:  123 <- [10/+1],        1 ,      122 
>>>> 122:  124 <- [11/+1],      123 ,        1 
>>>> 123:  125 <- [12/+1],        1 ,      124 
>>>> 124:  126 <- [13/+1],      125 ,        1 
>>>> 125:  127 <- [14/+1],      126 ,        1 
>>>> 126:  128 <- [15/+1],        1 ,      127 
>>>> 127:  129 <- [16/+1],        1 ,      128 
>>>> 128:  130 <- [17/+1],        1 ,      129 
>>>> 129:  131 <- [11/+1],        1 , swap( 98)
>>>> 130:  132 <- [12/+1],        1 ,      131 
>>>> 131:  133 <- [13/+1],      132 ,        1 
>>>> 132:  134 <- [14/+1],      133 ,        1 
>>>> 133:  135 <- [ 9/+1],        1 , swap( 10)
>>>> 134:  136 <- [10/+1],        1 ,      135 
>>>> 135:  137 <- [11/+1],      136 ,        1 
>>>> 136:  138 <- [10/+1],        1 , flop(135)
>>>> 137:  139 <- [11/+1],      138 ,        1 
>>>> 138:  140 <- [12/+1],      137 ,      139 
>>>> 139:  141 <- [13/+1],      140 ,        1 
>>>> 140:  142 <- [ 7/+1], flip( 47),       47 
>>>> 141:  143 <- [ 8/+1],      142 ,        1 
>>>> 142:  144 <- [ 9/+1],      143 ,        1 
>>>> 143:  145 <- [10/+1],      144 ,        1 
>>>> 144:  146 <- [11/+1],      145 ,        1 
>>>> 145:  147 <- [12/+1],        1 ,      146 
>>>> 146:  148 <- [13/+1],        1 ,      147 
>>>> 147:  149 <- [14/+1],      141 ,      148 
>>>> 148:  150 <- [15/+1],      134 ,      149 
>>>> 149:  151 <- [16/+1],        1 ,      150 
>>>> 150:  152 <- [17/+1],      151 ,        1 
>>>> 151:  153 <- [18/+1],      130 ,      152 
>>>> 152:  154 <- [ 5/+1],        1 , swap(  6)
>>>> 153:  155 <- [ 6/+1],      154 ,        1 
>>>> 154:  156 <- [ 7/+1],      155 ,        1 
>>>> 155:  157 <- [ 8/+1],      156 ,        1 
>>>> 156:  158 <- [ 9/+1],      157 ,        1 
>>>> 157:  159 <- [10/+1], flop(135),      158 
>>>> 158:  160 <- [11/+1],      159 ,        1 
>>>> 159:  161 <- [12/+1],        1 ,      160 
>>>> 160:  162 <- [13/+1],      161 ,        1 
>>>> 161:  163 <- [14/+1],        1 ,      162 
>>>> 162:  164 <- [15/+1],        1 ,      163 
>>>> 163:  165 <- [16/+1],        1 ,      164 
>>>> 164:  166 <- [ 9/+1], swap(157),        1 
>>>> 165:  167 <- [10/+1],      166 ,        1 
>>>> 166:  168 <- [11/+1],        1 ,      167 
>>>> 167:  169 <- [12/+1],      168 ,        1 
>>>> 168:  170 <- [13/+1],        1 ,      169 
>>>> 169:  171 <- [14/+1],        1 ,      170 
>>>> 170:  172 <- [ 5/+1],        1 , swap( 45)
>>>> 171:  173 <- [ 6/+1],        1 ,      172 
>>>> 172:  174 <- [ 7/+1],      173 ,        1 
>>>> 173:  175 <- [ 8/+1],        1 ,      174 
>>>> 174:  176 <- [ 9/+1],        1 ,      175 
>>>> 175:  177 <- [10/+1],      176 ,        1 
>>>> 176:  178 <- [11/+1],        1 ,      177 
>>>> 177:  179 <- [ 6/+1],        1 , flop(154)
>>>> 178:  180 <- [ 7/+1],      179 ,        1 
>>>> 179:  181 <- [ 8/+1],        1 ,      180 
>>>> 180:  182 <- [ 9/+1],        1 ,      181 
>>>> 181:  183 <- [10/+1],      182 , swap(158)
>>>> 182:  184 <- [11/+1],      183 ,        1 
>>>> 183:  185 <- [12/+1],      178 ,      184 
>>>> 184:  186 <- [13/+1],      185 ,        1 
>>>> 185:  187 <- [11/+1],        1 , swap( 62)
>>>> 186:  188 <- [ 9/+1], flop(175),        1 
>>>> 187:  189 <- [10/+1],      188 ,        1 
>>>> 188:  190 <- [11/+1],      189 ,        1 
>>>> 189:  191 <- [12/+1],      187 ,      190 
>>>> 190:  192 <- [13/+1],      191 ,        1 
>>>> 191:  193 <- [14/+1],      186 ,      192 
>>>> 192:  194 <- [15/+1],      171 ,      193 
>>>> 193:  195 <- [16/+1],      194 ,        1 
>>>> 194:  196 <- [17/+1],      165 ,      195 
>>>> 195:  197 <- [18/+1],      196 , flip(130)
>>>> 196:  198 <- [19/+1],      153 ,      197 
>>>> 197:  199 <- [20/+1],      121 ,      198 
>>>> 198:  200 <- [ 4/+1], swap(  5),        1 
>>>> 199:  201 <- [ 5/+1],        1 ,      200 
>>>> 200:  202 <- [ 6/+1],        1 ,      201 
>>>> 201:  203 <- [ 7/+1],        1 ,      202 
>>>> 202:  204 <- [ 8/+1],      203 ,        1 
>>>> 203:  205 <- [ 9/+1],        1 ,      204 
>>>> 204:  206 <- [10/+1],        1 ,      205 
>>>> 205:  207 <- [11/+1],      206 ,        1 
>>>> 206:  208 <- [12/+1],        1 ,      207 
>>>> 207:  209 <- [13/+1],        1 ,      208 
>>>> 208:  210 <- [14/+1],      209 ,        1 
>>>> 209:  211 <- [ 6/+1], flip( 24), swap( 72)
>>>> 210:  212 <- [ 7/+1],      211 ,        1 
>>>> 211:  213 <- [ 8/+1],      212 ,        1 
>>>> 212:  214 <- [ 9/+1],        1 ,      213 
>>>> 213:  215 <- [10/+1],      214 ,        1 
>>>> 214:  216 <- [11/+1],        1 ,      215 
>>>> 215:  217 <- [12/+1],      216 ,        1 
>>>> 216:  218 <- [13/+1],        1 ,      217 
>>>> 217:  219 <- [14/+1],      218 ,        1 
>>>> 218:  220 <- [15/+1],      210 ,      219 
>>>> 219:  221 <- [16/+1],        1 ,      220 
>>>> 220:  222 <- [17/+1],        1 ,      221 
>>>> 221:  223 <- [11/+1], flop(136),        1 
>>>> 222:  224 <- [12/+1],        1 ,      223 
>>>> 223:  225 <- [13/+1],        1 ,      224 
>>>> 224:  226 <- [10/+1],        1 , flop(166)
>>>> 225:  227 <- [11/+1],      226 ,        1 
>>>> 226:  228 <- [12/+1],        1 ,      227 
>>>> 227:  229 <- [13/+1],      228 ,        1 
>>>> 228:  230 <- [14/+1],      225 ,      229 
>>>> 229:  231 <- [15/+1],        1 ,      230 
>>>> 230:  232 <- [16/+1],        1 ,      231 
>>>> 231:  233 <- [ 6/+1], flop( 72),        1 
>>>> 232:  234 <- [ 7/+1],        1 ,      233 
>>>> 233:  235 <- [ 8/+1],        1 ,      234 
>>>> 234:  236 <- [ 9/+1],      235 ,        1 
>>>> 235:  237 <- [10/+1],        1 ,      236 
>>>> 236:  238 <- [11/+1],        1 ,      237 
>>>> 237:  239 <- [11/+1], swap(189),        1 
>>>> 238:  240 <- [12/+1],      238 ,      239 
>>>> 239:  241 <- [13/+1],        1 ,      240 
>>>> 240:  242 <- [ 7/+1],        1 ,       82 
>>>> 241:  243 <- [ 8/+1],        1 ,      242 
>>>> 242:  244 <- [ 9/+1],        1 ,      243 
>>>> 243:  245 <- [10/+1],      244 ,        1 
>>>> 244:  246 <- [11/+1],        1 ,      245 
>>>> 245:  247 <- [12/+1],      246 ,        1 
>>>> 246:  248 <- [13/+1],      247 ,        1 
>>>> 247:  249 <- [14/+1],      241 ,      248 
>>>> 248:  250 <- [10/+1],        1 , flop(188)
>>>> 249:  251 <- [11/+1],        1 ,      250 
>>>> 250:  252 <- [ 9/+1], swap(243),        1 
>>>> 251:  253 <- [10/+1],        1 ,      252 
>>>> 252:  254 <- [11/+1],      253 ,        1 
>>>> 253:  255 <- [12/+1],      251 ,      254 
>>>> 254:  256 <- [13/+1],        1 ,      255 
>>>> 255:  257 <- [ 9/+1],        1 , swap(235)
>>>> 256:  258 <- [10/+1],      257 ,        1 
>>>> 257:  259 <- [11/+1],      258 ,        1 
>>>> 258:  260 <- [12/+1],        1 ,      259 
>>>> 259:  261 <- [13/+1],      260 ,        1 
>>>> 260:  262 <- [14/+1],      256 ,      261 
>>>> 261:  263 <- [15/+1],      249 ,      262 
>>>> 262:  264 <- [16/+1],      263 ,        1 
>>>> 263:  265 <- [17/+1],      232 ,      264 
>>>> 264:  266 <- [18/+1],      222 ,      265 
>>>> 265:  267 <- [10/+1],        1 , swap(122)
>>>> 266:  268 <- [11/+1],        1 ,      267 
>>>> 267:  269 <- [12/+1],        1 ,      268 
>>>> 268:  270 <- [13/+1],        1 ,      269 
>>>> 269:  271 <- [14/+1],      270 ,        1 
>>>> 270:  272 <- [13/+1],        1 , swap( 31)
>>>> 271:  273 <- [14/+1],      272 , flip(270)
>>>> 272:  274 <- [15/+1],      271 ,      273 
>>>> 273:  275 <- [16/+1],        1 ,      274 
>>>> 274:  276 <- [17/+1],      275 ,        1 
>>>> 275:  277 <- [10/+1],        1 , swap(182)
>>>> 276:  278 <- [11/+1],      277 ,        1 
>>>> 277:  279 <- [12/+1],      278 ,        1 
>>>> 278:  280 <- [13/+1],        1 ,      279 
>>>> 279:  281 <- [14/+1],      280 ,        1 
>>>> 280:  282 <- [15/+1],        1 ,      281 
>>>> 281:  283 <- [16/+1],      282 ,        1 
>>>> 282:  284 <- [17/+1],      283 ,        1 
>>>> 283:  285 <- [18/+1],      276 ,      284 
>>>> 284:  286 <- [19/+1],      266 ,      285 
>>>> 285:  287 <- [ 7/+1], flip( 82), flip(173)
>>>> 286:  288 <- [ 8/+1],        1 ,      287 
>>>> 287:  289 <- [ 9/+1],      288 ,        1 
>>>> 288:  290 <- [10/+1],        1 ,      289 
>>>> 289:  291 <- [11/+1],      290 ,        1 
>>>> 290:  292 <- [12/+1],        1 ,      291 
>>>> 291:  293 <- [13/+1],      292 ,        1 
>>>> 292:  294 <- [14/+1],        1 ,      293 
>>>> 293:  295 <- [15/+1],      294 ,        1 
>>>> 294:  296 <- [16/+1],      295 ,        1 
>>>> 295:  297 <- [17/+1],        1 ,      296 
>>>> 296:  298 <- [18/+1],      297 , flip(105)
>>>> 297:  299 <- [19/+1],      298 ,        1 
>>>> 298:  300 <- [20/+1],      286 ,      299 
>>>> 299:  301 <- [21/+1],      199 ,      300 
>>>> 300:  302 <- [22/+1],       97 ,      301 
>>>> 301:  303 <- [23/+1],      302 , flip(302)
serialize(p).optimize():
{ maxLen: 23,
  instructionCount: 302,
  swapCount: 34,
  flipCount: 20,
  flopCount: 11,
  BDDsize: 666,
  BDDheight: 24,
  labelCount: 24,
  JSONlength: 3790 }

--------------------
exit code: 0, time: 4.82 sec
